#
# There is insufficient memory for the Java Runtime Environment to continue.
# Native memory allocation (malloc) failed to allocate 648576 bytes for Chunk::new
# Possible reasons:
#   The system is out of physical RAM or swap space
#   In 32 bit mode, the process size limit was hit
# Possible solutions:
#   Reduce memory load on the system
#   Increase physical memory or swap space
#   Check if swap backing store is full
#   Use 64 bit Java on a 64 bit OS
#   Decrease Java heap size (-Xmx/-Xms)
#   Decrease number of Java threads
#   Decrease Java thread stack sizes (-Xss)
#   Set larger code cache with -XX:ReservedCodeCacheSize=
# This output file may be truncated or incomplete.
#
#  Out of Memory Error (allocation.cpp:390), pid=18936, tid=0x00000000000049cc
#
# JRE version: Java(TM) SE Runtime Environment (8.0_181-b13) (build 1.8.0_181-b13)
# Java VM: Java HotSpot(TM) 64-Bit Server VM (25.181-b13 mixed mode windows-amd64 compressed oops)
# Failed to write core dump. Minidumps are not enabled by default on client versions of Windows
#

---------------  T H R E A D  ---------------

Current thread (0x0000000015f4c000):  JavaThread "C2 CompilerThread0" daemon [_thread_in_native, id=18892, stack(0x0000000016f90000,0x0000000017090000)]

Stack: [0x0000000016f90000,0x0000000017090000]
[error occurred during error reporting (printing stack bounds), id 0xc0000005]

Native frames: (J=compiled Java code, j=interpreted, Vv=VM code, C=native code)


Current CompileTask:
C2:   5745  881   !   4       java.net.URL::<init> (543 bytes)


---------------  P R O C E S S  ---------------

Java Threads: ( => current thread )
  0x0000000017c80800 JavaThread "background-preinit" [_thread_in_native, id=16008, stack(0x0000000018610000,0x0000000018710000)]
  0x0000000015fb1000 JavaThread "Service Thread" daemon [_thread_blocked, id=16500, stack(0x0000000017190000,0x0000000017290000)]
  0x0000000015fa9800 JavaThread "C1 CompilerThread1" daemon [_thread_blocked, id=19008, stack(0x0000000017090000,0x0000000017190000)]
=>0x0000000015f4c000 JavaThread "C2 CompilerThread0" daemon [_thread_in_native, id=18892, stack(0x0000000016f90000,0x0000000017090000)]
  0x0000000015f4a800 JavaThread "Attach Listener" daemon [_thread_blocked, id=14360, stack(0x0000000016e90000,0x0000000016f90000)]
  0x0000000015f49000 JavaThread "Signal Dispatcher" daemon [_thread_blocked, id=13372, stack(0x0000000016d90000,0x0000000016e90000)]
  0x0000000015f38800 JavaThread "Finalizer" daemon [_thread_blocked, id=17168, stack(0x0000000016ba0000,0x0000000016ca0000)]
  0x0000000002813000 JavaThread "Reference Handler" daemon [_thread_blocked, id=12712, stack(0x0000000016aa0000,0x0000000016ba0000)]
  0x0000000002725800 JavaThread "main" [_thread_in_Java, id=19256, stack(0x0000000002540000,0x0000000002640000)]

Other Threads:
  0x000000000280c000 VMThread [stack: 0x00000000169a0000,0x0000000016aa0000] [id=16716]
  0x0000000015fc6000 WatcherThread [stack: 0x0000000017290000,0x0000000017390000] [id=16280]

VM state:not at safepoint (normal execution)

VM Mutex/Monitor currently owned by a thread: None

Heap:
 PSYoungGen      total 28672K, used 7931K [0x00000000e0000000, 0x00000000e2000000, 0x0000000100000000)
  eden space 24576K, 15% used [0x00000000e0000000,0x00000000e03c06f8,0x00000000e1800000)
  from space 4096K, 99% used [0x00000000e1c00000,0x00000000e1ffe898,0x00000000e2000000)
  to   space 4096K, 0% used [0x00000000e1800000,0x00000000e1800000,0x00000000e1c00000)
 ParOldGen       total 65536K, used 1762K [0x00000000a0000000, 0x00000000a4000000, 0x00000000e0000000)
  object space 65536K, 2% used [0x00000000a0000000,0x00000000a01b8ab8,0x00000000a4000000)
 Metaspace       used 12726K, capacity 12860K, committed 12928K, reserved 1060864K
  class space    used 1591K, capacity 1620K, committed 1664K, reserved 1048576K

Card table byte_map: [0x0000000011be0000,0x0000000011ef0000] byte_map_base: 0x00000000116e0000

Marking Bits: (ParMarkBitMap*) 0x0000000073bb2d00
 Begin Bits: [0x00000000122f0000, 0x0000000013af0000)
 End Bits:   [0x0000000013af0000, 0x00000000152f0000)

Polling page: 0x00000000024c0000

CodeCache: size=245760Kb used=3449Kb max_used=3463Kb free=242310Kb
 bounds [0x0000000002820000, 0x0000000002b90000, 0x0000000011820000]
 total_blobs=1187 nmethods=881 adapters=218
 compilation: enabled

Compilation events (10 events):
Event: 5.621 Thread 0x0000000015fa9800  879       3       org.springframework.util.ConcurrentReferenceHashMap::getHash (64 bytes)
Event: 5.621 Thread 0x0000000015fa9800 nmethod 879 0x0000000002b7d150 code [0x0000000002b7d2c0, 0x0000000002b7d568]
Event: 5.621 Thread 0x0000000015fa9800  880       3       sun.reflect.generics.reflectiveObjects.ParameterizedTypeImpl::hashCode (24 bytes)
Event: 5.622 Thread 0x0000000015fa9800 nmethod 880 0x0000000002b7d650 code [0x0000000002b7d7e0, 0x0000000002b7dc68]
Event: 5.638 Thread 0x0000000015f4c000 nmethod 850 0x0000000002b81e90 code [0x0000000002b820c0, 0x0000000002b834b0]
Event: 5.638 Thread 0x0000000015f4c000  871   !   4       java.lang.ref.ReferenceQueue::poll (28 bytes)
Event: 5.640 Thread 0x0000000015f4c000 nmethod 871 0x0000000002b7e9d0 code [0x0000000002b7eb20, 0x0000000002b7ee68]
Event: 5.663 Thread 0x0000000015f4c000  881   !   4       java.net.URL::<init> (543 bytes)
Event: 5.665 Thread 0x0000000015fa9800  882       3       java.util.concurrent.CopyOnWriteArrayList::setArray (6 bytes)
Event: 5.665 Thread 0x0000000015fa9800 nmethod 882 0x0000000002b7e690 code [0x0000000002b7e7e0, 0x0000000002b7e950]

GC Heap History (4 events):
Event: 4.563 GC heap before
{Heap before GC invocations=1 (full 0):
 PSYoungGen      total 28672K, used 24576K [0x00000000e0000000, 0x00000000e2000000, 0x0000000100000000)
  eden space 24576K, 100% used [0x00000000e0000000,0x00000000e1800000,0x00000000e1800000)
  from space 4096K, 0% used [0x00000000e1c00000,0x00000000e1c00000,0x00000000e2000000)
  to   space 4096K, 0% used [0x00000000e1800000,0x00000000e1800000,0x00000000e1c00000)
 ParOldGen       total 65536K, used 0K [0x00000000a0000000, 0x00000000a4000000, 0x00000000e0000000)
  object space 65536K, 0% used [0x00000000a0000000,0x00000000a0000000,0x00000000a4000000)
 Metaspace       used 8082K, capacity 8182K, committed 8320K, reserved 1056768K
  class space    used 1007K, capacity 1043K, committed 1152K, reserved 1048576K
Event: 4.576 GC heap after
Heap after GC invocations=1 (full 0):
 PSYoungGen      total 28672K, used 4068K [0x00000000e0000000, 0x00000000e2000000, 0x0000000100000000)
  eden space 24576K, 0% used [0x00000000e0000000,0x00000000e0000000,0x00000000e1800000)
  from space 4096K, 99% used [0x00000000e1800000,0x00000000e1bf90a0,0x00000000e1c00000)
  to   space 4096K, 0% used [0x00000000e1c00000,0x00000000e1c00000,0x00000000e2000000)
 ParOldGen       total 65536K, used 268K [0x00000000a0000000, 0x00000000a4000000, 0x00000000e0000000)
  object space 65536K, 0% used [0x00000000a0000000,0x00000000a00431f8,0x00000000a4000000)
 Metaspace       used 8082K, capacity 8182K, committed 8320K, reserved 1056768K
  class space    used 1007K, capacity 1043K, committed 1152K, reserved 1048576K
}
Event: 5.536 GC heap before
{Heap before GC invocations=2 (full 0):
 PSYoungGen      total 28672K, used 28644K [0x00000000e0000000, 0x00000000e2000000, 0x0000000100000000)
  eden space 24576K, 100% used [0x00000000e0000000,0x00000000e1800000,0x00000000e1800000)
  from space 4096K, 99% used [0x00000000e1800000,0x00000000e1bf90a0,0x00000000e1c00000)
  to   space 4096K, 0% used [0x00000000e1c00000,0x00000000e1c00000,0x00000000e2000000)
 ParOldGen       total 65536K, used 268K [0x00000000a0000000, 0x00000000a4000000, 0x00000000e0000000)
  object space 65536K, 0% used [0x00000000a0000000,0x00000000a00431f8,0x00000000a4000000)
 Metaspace       used 12144K, capacity 12220K, committed 12416K, reserved 1060864K
  class space    used 1520K, capacity 1556K, committed 1664K, reserved 1048576K
Event: 5.594 GC heap after
Heap after GC invocations=2 (full 0):
 PSYoungGen      total 28672K, used 4090K [0x00000000e0000000, 0x00000000e2000000, 0x0000000100000000)
  eden space 24576K, 0% used [0x00000000e0000000,0x00000000e0000000,0x00000000e1800000)
  from space 4096K, 99% used [0x00000000e1c00000,0x00000000e1ffe898,0x00000000e2000000)
  to   space 4096K, 0% used [0x00000000e1800000,0x00000000e1800000,0x00000000e1c00000)
 ParOldGen       total 65536K, used 1762K [0x00000000a0000000, 0x00000000a4000000, 0x00000000e0000000)
  object space 65536K, 2% used [0x00000000a0000000,0x00000000a01b8ab8,0x00000000a4000000)
 Metaspace       used 12144K, capacity 12220K, committed 12416K, reserved 1060864K
  class space    used 1520K, capacity 1556K, committed 1664K, reserved 1048576K
}

Deoptimization events (6 events):
Event: 3.954 Thread 0x0000000002725800 Uncommon trap: reason=unstable_if action=reinterpret pc=0x000000000299b9ac method=java.lang.String.indexOf([CII[CIII)I @ 3
Event: 5.371 Thread 0x0000000002725800 Uncommon trap: reason=unstable_if action=reinterpret pc=0x0000000002aa7c28 method=java.io.WinNTFileSystem.normalize(Ljava/lang/String;II)Ljava/lang/String; @ 90
Event: 5.603 Thread 0x0000000002725800 Uncommon trap: reason=bimorphic action=maybe_recompile pc=0x0000000002b02a6c method=java.util.HashMap.putVal(ILjava/lang/Object;Ljava/lang/Object;ZZ)Ljava/lang/Object; @ 253
Event: 5.603 Thread 0x0000000002725800 Uncommon trap: reason=bimorphic action=maybe_recompile pc=0x0000000002b02a6c method=java.util.HashMap.putVal(ILjava/lang/Object;Ljava/lang/Object;ZZ)Ljava/lang/Object; @ 253
Event: 5.603 Thread 0x0000000002725800 Uncommon trap: reason=bimorphic action=maybe_recompile pc=0x0000000002b02a6c method=java.util.HashMap.putVal(ILjava/lang/Object;Ljava/lang/Object;ZZ)Ljava/lang/Object; @ 253
Event: 5.603 Thread 0x0000000002725800 Uncommon trap: reason=bimorphic action=maybe_recompile pc=0x0000000002b02a6c method=java.util.HashMap.putVal(ILjava/lang/Object;Ljava/lang/Object;ZZ)Ljava/lang/Object; @ 253

Classes redefined (0 events):
No events

Internal exceptions (10 events):
Event: 3.689 Thread 0x0000000002725800 Exception <a 'java/lang/ArrayIndexOutOfBoundsException'> (0x00000000e0a9ec30) thrown at [C:\re\workspace\8-2-build-windows-amd64-cygwin\jdk8u181\11358\hotspot\src\share\vm\runtime\sharedRuntime.cpp, line 605]
Event: 3.689 Thread 0x0000000002725800 Exception <a 'java/lang/ArrayIndexOutOfBoundsException'> (0x00000000e0aa69a0) thrown at [C:\re\workspace\8-2-build-windows-amd64-cygwin\jdk8u181\11358\hotspot\src\share\vm\runtime\sharedRuntime.cpp, line 605]
Event: 3.692 Thread 0x0000000002725800 Exception <a 'java/lang/ArrayIndexOutOfBoundsException'> (0x00000000e0aaf440) thrown at [C:\re\workspace\8-2-build-windows-amd64-cygwin\jdk8u181\11358\hotspot\src\share\vm\runtime\sharedRuntime.cpp, line 605]
Event: 3.693 Thread 0x0000000002725800 Exception <a 'java/lang/ArrayIndexOutOfBoundsException'> (0x00000000e0ab96b8) thrown at [C:\re\workspace\8-2-build-windows-amd64-cygwin\jdk8u181\11358\hotspot\src\share\vm\runtime\sharedRuntime.cpp, line 605]
Event: 3.695 Thread 0x0000000002725800 Exception <a 'java/lang/ArrayIndexOutOfBoundsException'> (0x00000000e0ac4950) thrown at [C:\re\workspace\8-2-build-windows-amd64-cygwin\jdk8u181\11358\hotspot\src\share\vm\runtime\sharedRuntime.cpp, line 605]
Event: 3.767 Thread 0x0000000002725800 Exception <a 'java/lang/ArrayIndexOutOfBoundsException'> (0x00000000e0b5dee8) thrown at [C:\re\workspace\8-2-build-windows-amd64-cygwin\jdk8u181\11358\hotspot\src\share\vm\runtime\sharedRuntime.cpp, line 605]
Event: 3.995 Thread 0x0000000002725800 Exception <a 'java/io/FileNotFoundException'> (0x00000000e0ee8cb8) thrown at [C:\re\workspace\8-2-build-windows-amd64-cygwin\jdk8u181\11358\hotspot\src\share\vm\prims\jni.cpp, line 709]
Event: 4.622 Thread 0x0000000002725800 Exception <a 'java/lang/ClassNotFoundException': java/lang/ObjectCustomizer> (0x00000000e0179b78) thrown at [C:\re\workspace\8-2-build-windows-amd64-cygwin\jdk8u181\11358\hotspot\src\share\vm\classfile\systemDictionary.cpp, line 210]
Event: 4.629 Thread 0x0000000002725800 Exception <a 'java/lang/ClassNotFoundException': org/springframework/boot/SpringApplicationCustomizer> (0x00000000e018da90) thrown at [C:\re\workspace\8-2-build-windows-amd64-cygwin\jdk8u181\11358\hotspot\src\share\vm\classfile\systemDictionary.cpp, line 
Event: 5.373 Thread 0x0000000002725800 Exception <a 'java/lang/NoSuchMethodError': org.slf4j.impl.StaticMDCBinder.getSingleton()Lorg/slf4j/impl/StaticMDCBinder;> (0x00000000e1248f78) thrown at [C:\re\workspace\8-2-build-windows-amd64-cygwin\jdk8u181\11358\hotspot\src\share\vm\interpreter\linkR

Events (10 events):
Event: 5.674 loading class com/fasterxml/jackson/databind/deser/std/ThrowableDeserializer done
Event: 5.674 loading class com/fasterxml/jackson/databind/deser/BeanDeserializer
Event: 5.674 loading class com/fasterxml/jackson/databind/deser/BeanDeserializer done
Event: 5.675 loading class com/fasterxml/jackson/databind/deser/BeanDeserializerBase
Event: 5.675 loading class com/fasterxml/jackson/databind/deser/BeanDeserializerBase done
Event: 5.677 loading class com/fasterxml/jackson/databind/deser/Deserializers
Event: 5.677 loading class com/fasterxml/jackson/databind/deser/Deserializers done
Event: 5.677 loading class com/fasterxml/jackson/databind/PropertyName
Event: 5.677 loading class com/fasterxml/jackson/databind/PropertyName done
Event: 5.678 loading class java/util/concurrent/ConcurrentNavigableMap


Dynamic libraries:
0x00007ff6f8090000 - 0x00007ff6f80c7000 	C:\Program Files\Java\jre1.8.0_181\bin\javaw.exe
0x00007ffd218a0000 - 0x00007ffd21a81000 	C:\WINDOWS\SYSTEM32\ntdll.dll
0x00007ffd1f920000 - 0x00007ffd1f9d1000 	C:\WINDOWS\System32\KERNEL32.DLL
0x00007ffd1ddc0000 - 0x00007ffd1e033000 	C:\WINDOWS\System32\KERNELBASE.dll
0x0000000076230000 - 0x00000000762c5000 	C:\WINDOWS\System32\SYSFER.DLL
0x00007ffd20370000 - 0x00007ffd20411000 	C:\WINDOWS\System32\ADVAPI32.dll
0x00007ffd1f670000 - 0x00007ffd1f70e000 	C:\WINDOWS\System32\msvcrt.dll
0x00007ffd1f610000 - 0x00007ffd1f66b000 	C:\WINDOWS\System32\sechost.dll
0x00007ffd1f020000 - 0x00007ffd1f144000 	C:\WINDOWS\System32\RPCRT4.dll
0x0000000072d70000 - 0x0000000073095000 	C:\ProgramData\Symantec\Symantec Endpoint Protection\14.0.3897.1101.105\Data\Definitions\IPSDefs\20200110.061\IPSEng64.dll
0x00007ffd1fe20000 - 0x00007ffd1fe28000 	C:\WINDOWS\System32\PSAPI.DLL
0x00007ffd1fbf0000 - 0x00007ffd1fd81000 	C:\WINDOWS\System32\USER32.dll
0x00007ffd1dc50000 - 0x00007ffd1dc70000 	C:\WINDOWS\System32\win32u.dll
0x00007ffd1fdf0000 - 0x00007ffd1fe18000 	C:\WINDOWS\System32\GDI32.dll
0x00007ffd1e170000 - 0x00007ffd1e301000 	C:\WINDOWS\System32\gdi32full.dll
0x00007ffd1ec70000 - 0x00007ffd1ed0f000 	C:\WINDOWS\System32\msvcp_win.dll
0x00007ffd1dcc0000 - 0x00007ffd1ddb8000 	C:\WINDOWS\System32\ucrtbase.dll
0x00007ffd0d830000 - 0x00007ffd0da99000 	C:\WINDOWS\WinSxS\amd64_microsoft.windows.common-controls_6595b64144ccf1df_6.0.17134.1184_none_d403e8b37c8ca406\COMCTL32.dll
0x00007ffd1ff50000 - 0x00007ffd20271000 	C:\WINDOWS\System32\combase.dll
0x00007ffd1e0f0000 - 0x00007ffd1e169000 	C:\WINDOWS\System32\bcryptPrimitives.dll
0x00007ffd1eff0000 - 0x00007ffd1f01d000 	C:\WINDOWS\System32\IMM32.DLL
0x00007ffd1da60000 - 0x00007ffd1da86000 	C:\WINDOWS\system32\vmwsci.dll
0x00000000731b0000 - 0x0000000073282000 	C:\Program Files\Java\jre1.8.0_181\bin\msvcr100.dll
0x0000000073390000 - 0x0000000073c32000 	C:\Program Files\Java\jre1.8.0_181\bin\server\jvm.dll
0x00007ffd0ee70000 - 0x00007ffd0ee79000 	C:\WINDOWS\SYSTEM32\WSOCK32.dll
0x00007ffd1f710000 - 0x00007ffd1f77c000 	C:\WINDOWS\System32\WS2_32.dll
0x00007ffd1a530000 - 0x00007ffd1a553000 	C:\WINDOWS\SYSTEM32\WINMM.dll
0x00007ffd1cb40000 - 0x00007ffd1cb4a000 	C:\WINDOWS\SYSTEM32\VERSION.dll
0x00007ffd1a4e0000 - 0x00007ffd1a50a000 	C:\WINDOWS\SYSTEM32\WINMMBASE.dll
0x00007ffd1dc70000 - 0x00007ffd1dcb9000 	C:\WINDOWS\System32\cfgmgr32.dll
0x0000000073380000 - 0x000000007338f000 	C:\Program Files\Java\jre1.8.0_181\bin\verify.dll
0x0000000073350000 - 0x0000000073379000 	C:\Program Files\Java\jre1.8.0_181\bin\java.dll
0x0000000073330000 - 0x0000000073346000 	C:\Program Files\Java\jre1.8.0_181\bin\zip.dll
0x00007ffd20420000 - 0x00007ffd21865000 	C:\WINDOWS\System32\SHELL32.dll
0x00007ffd1ef40000 - 0x00007ffd1efe9000 	C:\WINDOWS\System32\shcore.dll
0x00007ffd1e560000 - 0x00007ffd1ec70000 	C:\WINDOWS\System32\windows.storage.dll
0x00007ffd1f160000 - 0x00007ffd1f1b1000 	C:\WINDOWS\System32\shlwapi.dll
0x00007ffd1dbe0000 - 0x00007ffd1dbf1000 	C:\WINDOWS\System32\kernel.appcore.dll
0x00007ffd1dbc0000 - 0x00007ffd1dbdf000 	C:\WINDOWS\System32\profapi.dll
0x00007ffd1dc00000 - 0x00007ffd1dc4c000 	C:\WINDOWS\System32\powrprof.dll
0x00007ffd1dbb0000 - 0x00007ffd1dbba000 	C:\WINDOWS\System32\FLTLIB.DLL
0x0000000073290000 - 0x000000007329d000 	C:\Program Files\Java\jre1.8.0_181\bin\management.dll
0x0000000073310000 - 0x000000007332a000 	C:\Program Files\Java\jre1.8.0_181\bin\net.dll
0x00007ffd1d380000 - 0x00007ffd1d3e6000 	C:\WINDOWS\system32\mswsock.dll
0x00007ffd0daa0000 - 0x00007ffd0dab6000 	C:\WINDOWS\system32\napinsp.dll
0x00007ffd0d810000 - 0x00007ffd0d82a000 	C:\WINDOWS\system32\pnrpnsp.dll
0x00007ffd1a510000 - 0x00007ffd1a529000 	C:\WINDOWS\system32\NLAapi.dll
0x00007ffd1d120000 - 0x00007ffd1d1de000 	C:\WINDOWS\SYSTEM32\DNSAPI.dll
0x00007ffd1f9e0000 - 0x00007ffd1f9e8000 	C:\WINDOWS\System32\NSI.dll
0x00007ffd1d0d0000 - 0x00007ffd1d108000 	C:\WINDOWS\SYSTEM32\IPHLPAPI.DLL
0x00007ffd0d3f0000 - 0x00007ffd0d3fe000 	C:\WINDOWS\System32\winrnr.dll
0x00007ffd19360000 - 0x00007ffd19381000 	C:\WINDOWS\FireEye\NamespaceToEvents.dll
0x00007ffd12b90000 - 0x00007ffd12b9a000 	C:\Windows\System32\rasadhlp.dll
0x00007ffd198a0000 - 0x00007ffd19912000 	C:\WINDOWS\System32\fwpuclnt.dll
0x00007ffd1d660000 - 0x00007ffd1d685000 	C:\WINDOWS\SYSTEM32\bcrypt.dll

VM Arguments:
jvm_args: -Dfile.encoding=Cp1252 
java_command: com.db.awmd.challenge.DevChallengeApplication
java_class_path (initial): P:\Users\lalit.bhokare\eclipse-workspace\challenge\bin;P:\Users\lalit.bhokare\.gradle\caches\modules-2\files-2.1\org.springframework.boot\spring-boot-starter-web\1.5.4.RELEASE\5d6c554f34b20dffcbdfc7edf9b80956e2dace\spring-boot-starter-web-1.5.4.RELEASE.jar;P:\Users\lalit.bhokare\.gradle\caches\modules-2\files-2.1\org.projectlombok\lombok\1.16.16\245b50f714bf89ed7659266ace12f9e509d13551\lombok-1.16.16.jar;P:\Users\lalit.bhokare\.gradle\caches\modules-2\files-2.1\org.springframework.boot\spring-boot-starter\1.5.4.RELEASE\74d5aa641503ddd12833c82cc19b295f9f40e8fa\spring-boot-starter-1.5.4.RELEASE.jar;P:\Users\lalit.bhokare\.gradle\caches\modules-2\files-2.1\org.springframework.boot\spring-boot-starter-tomcat\1.5.4.RELEASE\d7e26f1d0e594bd1aab7da227649fc12c1958416\spring-boot-starter-tomcat-1.5.4.RELEASE.jar;P:\Users\lalit.bhokare\.gradle\caches\modules-2\files-2.1\org.hibernate\hibernate-validator\5.3.5.Final\622a9bcef2eed6d41b5b8e0662c36212009e375\hibernate-validator-5.3.5.Final.jar;P:\Users\lalit.bhokare\.gradle\caches\modules-2\files-2.1\com.fasterxml.jackson.core\jackson-databind\2.8.8\bf88c7b27e95cbadce4e7c316a56c3efffda8026\jackson-databind-2.8.8.jar;P:\Users\lalit.bhokare\.gradle\caches\modules-2\files-2.1\org.springframework\spring-webmvc\4.3.9.RELEASE\ca80b4a00abc388d8046bf372099f35564371c47\spring-webmvc-4.3.9.RELEASE.jar;P:\Users\lalit.bhokare\.gradle\caches\modules-2\files-2.1\org.springframework\spring-web\4.3.9.RELEASE\91dae64c4280093ad5fb4736a10913c9233479c1\spring-web-4.3.9.RELEASE.jar;P:\Users\lalit.bhokare\.gradle\caches\modules-2\files-2.1\org.springframework.boot\spring-boot-autoconfigure\1.5.4.RELEASE\5591fa7358d950f374532c7d92dccf113ebfa1bb\spring-boot-autoconfigure-1.5.4.RELEASE.jar;P:\Users\lalit.bhokare\.gradle\caches\modules-2\files-2.1\org.springframework.boot\spring-boot\1.5.4.RELEASE\cf51bb0751c1362a417eb59824d27d2907780d2\spring-boot-1.5.4.RELEASE.jar;P:\Users\lalit.bhokare\.gradle\caches\modules-2\files-2.1\org.
Launcher Type: SUN_STANDARD

Environment Variables:
PATH=C:/Program Files/Java/jre1.8.0_181/bin/server;C:/Program Files/Java/jre1.8.0_181/bin;C:/Program Files/Java/jre1.8.0_181/lib/amd64;C:\Program Files (x86)\Common Files\Oracle\Java\javapath;C:\WINDOWS\system32;C:\WINDOWS;C:\WINDOWS\System32\Wbem;C:\WINDOWS\System32\WindowsPowerShell\v1.0\;C:\WINDOWS\System32\OpenSSH\;C:\Windows\CCM;C:\Program Files\Common Files\ThinPrint\;C:\Program Files\nodejs\;P:\Users\lalit.bhokare\AppData\Local\Microsoft\WindowsApps;P:\Users\lalit.bhokare\AppData\Local\Programs\Git\cmd;P:\Users\lalit.bhokare\AppData\Roaming\npm;P:\Users\lalit.bhokare\AppData\Local\Programs\Microsoft VS Code\bin;P:\Users\lalit.bhokare\Downloads\eclipse-jee-2018-09-win32-x86_64\eclipse;
USERNAME=lalit.bhokare
OS=Windows_NT
PROCESSOR_IDENTIFIER=Intel64 Family 6 Model 79 Stepping 1, GenuineIntel



---------------  S Y S T E M  ---------------

OS: Windows 10.0 , 64 bit Build 17134 (10.0.17134.753)

CPU:total 2 (initial active 2) (1 cores per cpu, 1 threads per core) family 6 model 79 stepping 1, cmov, cx8, fxsr, mmx, sse, sse2, sse3, ssse3, sse4.1, sse4.2, popcnt, avx, avx2, aes, clmul, erms, rtm, 3dnowpref, lzcnt, tsc, tscinvbit, bmi1, bmi2, adx

Memory: 4k page, physical 6290996k(237268k free), swap 7339108k(5432k free)

vm_info: Java HotSpot(TM) 64-Bit Server VM (25.181-b13) for windows-amd64 JRE (1.8.0_181-b13), built on Jul  7 2018 04:01:33 by "java_re" with MS VC++ 10.0 (VS2010)

time: Mon Jan 13 16:43:07 2020
elapsed time: 5 seconds (0d 0h 0m 5s)

